0 info it worked if it ends with ok
1 verbose cli [ '/Users/alexisvincent/.nvm/versions/node/v5.2.0/bin/node',
1 verbose cli   '/Users/alexisvincent/.nvm/versions/node/v5.2.0/bin/npm',
1 verbose cli   'run',
1 verbose cli   'build' ]
2 info using npm@3.3.12
3 info using node@v5.2.0
4 verbose stack Error: missing script: build
4 verbose stack     at run (/Users/alexisvincent/.nvm/versions/node/v5.2.0/lib/node_modules/npm/lib/run-script.js:147:19)
4 verbose stack     at /Users/alexisvincent/.nvm/versions/node/v5.2.0/lib/node_modules/npm/lib/run-script.js:57:5
4 verbose stack     at /Users/alexisvincent/.nvm/versions/node/v5.2.0/lib/node_modules/npm/node_modules/read-package-json/read-json.js:345:5
4 verbose stack     at checkBinReferences_ (/Users/alexisvincent/.nvm/versions/node/v5.2.0/lib/node_modules/npm/node_modules/read-package-json/read-json.js:309:45)
4 verbose stack     at final (/Users/alexisvincent/.nvm/versions/node/v5.2.0/lib/node_modules/npm/node_modules/read-package-json/read-json.js:343:3)
4 verbose stack     at then (/Users/alexisvincent/.nvm/versions/node/v5.2.0/lib/node_modules/npm/node_modules/read-package-json/read-json.js:113:5)
4 verbose stack     at ReadFileContext.<anonymous> (/Users/alexisvincent/.nvm/versions/node/v5.2.0/lib/node_modules/npm/node_modules/read-package-json/read-json.js:297:29)
4 verbose stack     at ReadFileContext.callback (/Users/alexisvincent/.nvm/versions/node/v5.2.0/lib/node_modules/npm/node_modules/graceful-fs/graceful-fs.js:76:16)
4 verbose stack     at FSReqWrap.readFileAfterOpen [as oncomplete] (fs.js:325:13)
5 verbose cwd /Users/alexisvincent/Documents/Code/Projects/sun/334/Practical 1
6 error Darwin 15.3.0
7 error argv "/Users/alexisvincent/.nvm/versions/node/v5.2.0/bin/node" "/Users/alexisvincent/.nvm/versions/node/v5.2.0/bin/npm" "run" "build"
8 error node v5.2.0
9 error npm  v3.3.12
10 error missing script: build
11 error If you need help, you may report this error at:
11 error     <https://github.com/npm/npm/issues>
12 verbose exit [ 1, true ]
